<!DOCTYPE html PUBLIC "-//W3C//DTD XHTML 1.1//EN" "http://www.w3.org/TR/xhtml11/DTD/xhtml11.dtd">
<html xmlns="http://www.w3.org/1999/xhtml">
<head>
<meta http-equiv="content-type" content="text/html; charset=UTF-8"/>
<title>TestNG Report</title>
<style type="text/css">table {margin-bottom:10px;border-collapse:collapse;empty-cells:show}th,td {border:1px solid #009;padding:.25em .5em}th {vertical-align:bottom}td {vertical-align:top}table a {font-weight:bold}.stripe td {background-color: #E6EBF9}.num {text-align:right}.passedodd td {background-color: #3F3}.passedeven td {background-color: #0A0}.skippedodd td {background-color: #DDD}.skippedeven td {background-color: #CCC}.failedodd td,.attn {background-color: #F33}.failedeven td,.stripe .attn {background-color: #D00}.stacktrace {white-space:pre;font-family:monospace}.totop {font-size:85%;text-align:center;border-bottom:2px solid #000}.invisible {display:none}</style>
</head>
<body>
<table>
<tr><th>Test</th><th># Passed</th><th># Skipped</th><th># Failed</th><th>Time (ms)</th><th>Included Groups</th><th>Excluded Groups</th></tr>
<tr><th colspan="7">Suite</th></tr>
<tr><td><a href="#t0">Test</a></td><td class="num">9</td><td class="num">0</td><td class="num attn">2</td><td class="num">155,845</td><td></td><td></td></tr>
</table>
<table id='summary'><thead><tr><th>Class</th><th>Method</th><th>Start</th><th>Time (ms)</th></tr></thead><tbody><tr><th colspan="4">Suite</th></tr></tbody><tbody id="t0"><tr><th colspan="4">Test &#8212; failed</th></tr><tr class="failedeven"><td rowspan="2">bms.selenium.Test_Execution</td><td><a href="#m0">moviesData</a></td><td rowspan="1">1624434449974</td><td rowspan="1">30020</td></tr><tr class="failedeven"><td><a href="#m1">saveEventData</a></td><td rowspan="1">1624434369322</td><td rowspan="1">80638</td></tr><tr><th colspan="4">Test &#8212; passed</th></tr><tr class="passedeven"><td rowspan="9">bms.selenium.Test_Execution</td><td><a href="#m2">openBrowser</a></td><td rowspan="1">1624434334271</td><td rowspan="1">6240</td></tr><tr class="passedeven"><td><a href="#m3">priceSelector</a></td><td rowspan="1">1624434367729</td><td rowspan="1">714</td></tr><tr class="passedeven"><td><a href="#m4">rangeSelector</a></td><td rowspan="1">1624434368444</td><td rowspan="1">877</td></tr><tr class="passedeven"><td><a href="#m5">signUp</a></td><td rowspan="1">1624434342457</td><td rowspan="1">3367</td></tr><tr class="passedeven"><td><a href="#m6">signUpNCR</a></td><td rowspan="1">1624434340513</td><td rowspan="1">1943</td></tr><tr class="passedeven"><td><a href="#m7">signUpUsingGoogle</a></td><td rowspan="1">1624434345824</td><td rowspan="1">910</td></tr><tr class="passedeven"><td><a href="#m8">sports</a></td><td rowspan="1">1624434355958</td><td rowspan="1">6989</td></tr><tr class="passedeven"><td><a href="#m9">switchWindow</a></td><td rowspan="1">1624434346735</td><td rowspan="1">9223</td></tr><tr class="passedeven"><td><a href="#m10">weekendSelector</a></td><td rowspan="1">1624434362948</td><td rowspan="1">4781</td></tr></tbody>
</table>
<h2>Test</h2><h3 id="m0">bms.selenium.Test_Execution#moviesData</h3><table class="result"><tr><th>Exception</th></tr><tr><td><div class="stacktrace">org.openqa.selenium.NoSuchElementException: no such element: Unable to locate element: {&quot;method&quot;:&quot;xpath&quot;,&quot;selector&quot;:&quot;//*[@id=&apos;super-container&apos;]/div[2]/header/div[2]/div/div/div/div[1]/div/a[1]&quot;}
  (Session info: chrome=91.0.4472.114)
For documentation on this error, please visit: https://www.seleniumhq.org/exceptions/no_such_element.html
Build info: version: &apos;3.141.59&apos;, revision: &apos;e82be7d358&apos;, time: &apos;2018-11-14T08:17:03&apos;
System info: host: &apos;DESKTOP-P8L6JL1&apos;, ip: &apos;192.168.231.1&apos;, os.name: &apos;Windows 10&apos;, os.arch: &apos;amd64&apos;, os.version: &apos;10.0&apos;, java.version: &apos;1.8.0_291&apos;
Driver info: org.openqa.selenium.chrome.ChromeDriver
Capabilities {acceptInsecureCerts: false, browserName: chrome, browserVersion: 91.0.4472.114, chrome: {chromedriverVersion: 91.0.4472.19 (1bf021f248676..., userDataDir: C:\Users\srao9\AppData\Loca...}, goog:chromeOptions: {debuggerAddress: localhost:56383}, javascriptEnabled: true, networkConnectionEnabled: false, pageLoadStrategy: normal, platform: WINDOWS, platformName: WINDOWS, proxy: Proxy(), setWindowRect: true, strictFileInteractability: false, timeouts: {implicit: 0, pageLoad: 300000, script: 30000}, unhandledPromptBehavior: dismiss and notify, webauthn:extension:largeBlob: true, webauthn:virtualAuthenticators: true}
Session ID: 23e74b60afdf3d702d19b9ad3a593bdb
*** Element info: {Using=xpath, value=//*[@id=&apos;super-container&apos;]/div[2]/header/div[2]/div/div/div/div[1]/div/a[1]}
	at org.openqa.selenium.remote.http.W3CHttpResponseCodec.createException(W3CHttpResponseCodec.java:187)
	at org.openqa.selenium.remote.http.W3CHttpResponseCodec.decode(W3CHttpResponseCodec.java:122)
	at org.openqa.selenium.remote.http.W3CHttpResponseCodec.decode(W3CHttpResponseCodec.java:49)
	at org.openqa.selenium.remote.HttpCommandExecutor.execute(HttpCommandExecutor.java:158)
	at org.openqa.selenium.remote.service.DriverCommandExecutor.execute(DriverCommandExecutor.java:83)
	at org.openqa.selenium.remote.RemoteWebDriver.execute(RemoteWebDriver.java:552)
	at org.openqa.selenium.remote.RemoteWebDriver.findElement(RemoteWebDriver.java:323)
	at org.openqa.selenium.remote.RemoteWebDriver.findElementByXPath(RemoteWebDriver.java:428)
	at org.openqa.selenium.By$ByXPath.findElement(By.java:353)
	at org.openqa.selenium.remote.RemoteWebDriver.findElement(RemoteWebDriver.java:315)
	at bms.selenium.Test_Execution.moviesData(Test_Execution.java:756)
... Removed 33 stack frames</div></td></tr></table><p class="totop"><a href="#summary">back to summary</a></p>
<h3 id="m1">bms.selenium.Test_Execution#saveEventData</h3><table class="result"><tr><th>Exception</th></tr><tr><td><div class="stacktrace">org.openqa.selenium.NoSuchElementException: no such element: Unable to locate element: {&quot;method&quot;:&quot;xpath&quot;,&quot;selector&quot;:&quot;//*[@id=&apos;app&apos;]/div/div/div/div/div[2]/div/header/div/div/div[1]/div[1]/div[1]/h1&quot;}
  (Session info: chrome=91.0.4472.114)
For documentation on this error, please visit: https://www.seleniumhq.org/exceptions/no_such_element.html
Build info: version: &apos;3.141.59&apos;, revision: &apos;e82be7d358&apos;, time: &apos;2018-11-14T08:17:03&apos;
System info: host: &apos;DESKTOP-P8L6JL1&apos;, ip: &apos;192.168.231.1&apos;, os.name: &apos;Windows 10&apos;, os.arch: &apos;amd64&apos;, os.version: &apos;10.0&apos;, java.version: &apos;1.8.0_291&apos;
Driver info: org.openqa.selenium.chrome.ChromeDriver
Capabilities {acceptInsecureCerts: false, browserName: chrome, browserVersion: 91.0.4472.114, chrome: {chromedriverVersion: 91.0.4472.19 (1bf021f248676..., userDataDir: C:\Users\srao9\AppData\Loca...}, goog:chromeOptions: {debuggerAddress: localhost:56383}, javascriptEnabled: true, networkConnectionEnabled: false, pageLoadStrategy: normal, platform: WINDOWS, platformName: WINDOWS, proxy: Proxy(), setWindowRect: true, strictFileInteractability: false, timeouts: {implicit: 0, pageLoad: 300000, script: 30000}, unhandledPromptBehavior: dismiss and notify, webauthn:extension:largeBlob: true, webauthn:virtualAuthenticators: true}
Session ID: 23e74b60afdf3d702d19b9ad3a593bdb
*** Element info: {Using=xpath, value=//*[@id=&apos;app&apos;]/div/div/div/div/div[2]/div/header/div/div/div[1]/div[1]/div[1]/h1}
	at org.openqa.selenium.remote.http.W3CHttpResponseCodec.createException(W3CHttpResponseCodec.java:187)
	at org.openqa.selenium.remote.http.W3CHttpResponseCodec.decode(W3CHttpResponseCodec.java:122)
	at org.openqa.selenium.remote.http.W3CHttpResponseCodec.decode(W3CHttpResponseCodec.java:49)
	at org.openqa.selenium.remote.HttpCommandExecutor.execute(HttpCommandExecutor.java:158)
	at org.openqa.selenium.remote.service.DriverCommandExecutor.execute(DriverCommandExecutor.java:83)
	at org.openqa.selenium.remote.RemoteWebDriver.execute(RemoteWebDriver.java:552)
	at org.openqa.selenium.remote.RemoteWebDriver.findElement(RemoteWebDriver.java:323)
	at org.openqa.selenium.remote.RemoteWebDriver.findElementByXPath(RemoteWebDriver.java:428)
	at org.openqa.selenium.By$ByXPath.findElement(By.java:353)
	at org.openqa.selenium.remote.RemoteWebDriver.findElement(RemoteWebDriver.java:315)
	at bms.selenium.Test_Execution.saveEventData(Test_Execution.java:262)
... Removed 33 stack frames</div></td></tr></table><p class="totop"><a href="#summary">back to summary</a></p>
<h3 id="m2">bms.selenium.Test_Execution#openBrowser</h3><table class="result"><tr class="param"><th>Parameter #1</th><th>Parameter #2</th></tr><tr class="param stripe"><td>https://in.bookmyshow.com/</td><td>\\Screenshots\\test_1.png</td></tr></table><p class="totop"><a href="#summary">back to summary</a></p>
<h3 id="m3">bms.selenium.Test_Execution#priceSelector</h3><table class="result"><tr class="param"><th>Parameter #1</th></tr><tr class="param stripe"><td>\\Screenshots\\test_9.png</td></tr></table><p class="totop"><a href="#summary">back to summary</a></p>
<h3 id="m4">bms.selenium.Test_Execution#rangeSelector</h3><table class="result"><tr class="param"><th>Parameter #1</th></tr><tr class="param stripe"><td>\\Screenshots\\test_10.png</td></tr></table><p class="totop"><a href="#summary">back to summary</a></p>
<h3 id="m5">bms.selenium.Test_Execution#signUp</h3><table class="result"><tr class="param"><th>Parameter #1</th></tr><tr class="param stripe"><td>\\Screenshots\\test_4.png</td></tr></table><p class="totop"><a href="#summary">back to summary</a></p>
<h3 id="m6">bms.selenium.Test_Execution#signUpNCR</h3><table class="result"><tr class="param"><th>Parameter #1</th><th>Parameter #2</th></tr><tr class="param stripe"><td>\\Screenshots\\test_2.png</td><td>\\Screenshots\\test_3.png</td></tr></table><p class="totop"><a href="#summary">back to summary</a></p>
<h3 id="m7">bms.selenium.Test_Execution#signUpUsingGoogle</h3><table class="result"><tr class="param"><th>Parameter #1</th></tr><tr class="param stripe"><td>\\Screenshots\\test_5.png</td></tr></table><p class="totop"><a href="#summary">back to summary</a></p>
<h3 id="m8">bms.selenium.Test_Execution#sports</h3><table class="result"><tr class="param"><th>Parameter #1</th></tr><tr class="param stripe"><td>\\Screenshots\\test_7.png</td></tr></table><p class="totop"><a href="#summary">back to summary</a></p>
<h3 id="m9">bms.selenium.Test_Execution#switchWindow</h3><table class="result"><tr class="param"><th>Parameter #1</th></tr><tr class="param stripe"><td>\\Screenshots\\test_6.png</td></tr></table><p class="totop"><a href="#summary">back to summary</a></p>
<h3 id="m10">bms.selenium.Test_Execution#weekendSelector</h3><table class="result"><tr class="param"><th>Parameter #1</th></tr><tr class="param stripe"><td>\\Screenshots\\test_8.png</td></tr></table><p class="totop"><a href="#summary">back to summary</a></p>
</body>
</html>
